<?xml version="1.0" encoding="UTF-8"?>
<!-- Generated by org.testng.reporters.JUnitReportReporter -->
<testsuite hostname="DESKTOP-HKP9UOT" failures="0" tests="1" name="Testlogic.Testcase1" time="15.752" errors="0" timestamp="2024-12-30T14:28:30 IST" skipped="0">
  <testcase classname="Testlogic.Testcase1" name="Login" time="15.752"/>
  <system-out/>
</testsuite> <!-- Testlogic.Testcase1 -->
